<?xml version="1.0" encoding="UTF-8"?>
<!-- Generated by org.testng.reporters.JUnitReportReporter -->
<testsuite hostname="M7-DX-HTZQXJ2" name="Cucumber.RunnerClass" tests="1" failures="0" timestamp="9 Aug 2019 07:29:19 GMT" time="14.331" errors="0">
  <testcase name="feature" time="14.331" classname="Cucumber.RunnerClass"/>
</testsuite> <!-- Cucumber.RunnerClass -->
