<?xml version="1.0" encoding="UTF-8"?>
<!-- Generated by org.testng.reporters.JUnitReportReporter -->
<testsuite hostname="M7-DX-HTZQXJ2" name="Cucumber.RunnerClass" tests="1" failures="0" timestamp="8 Aug 2019 06:10:38 GMT" time="17.467" errors="0">
  <testcase name="feature" time="17.467" classname="Cucumber.RunnerClass"/>
</testsuite> <!-- Cucumber.RunnerClass -->
